<?xml version="1.0" encoding="UTF-8"?>
<!-- Generated by org.testng.reporters.JUnitXMLReporter -->
<testsuite ignored="0" hostname="ShigaLaptop" failures="1" tests="1" name="Test" time="0.043" errors="0" timestamp="2023-10-29T02:47:18 EDT">
  <testcase classname="Salesforce.Script.SalesforceScriptTest" name="testcase2" time="0.009">
    <failure type="java.lang.Error" message="Unresolved compilation problems: 
	PropertiesUtility cannot be resolved to a type
	PropertiesUtility cannot be resolved to a type
	The field SalesforceBaseTest.driver is not visible
	The field SalesforceBaseTest.driver is not visible
	The field SalesforceBaseTest.driver is not visible
">
      <![CDATA[java.lang.Error: Unresolved compilation problems: 
PropertiesUtility cannot be resolved to a type
PropertiesUtility cannot be resolved to a type
The field SalesforceBaseTest.driver is not visible
The field SalesforceBaseTest.driver is not visible
The field SalesforceBaseTest.driver is not visible

at Salesforce.Script.SalesforceScriptTest.testcase2(SalesforceScriptTest.java:24)
at java.base/java.util.ArrayList.forEach(ArrayList.java:1511)
... Removed 25 stack frames]]>
    </failure>
  </testcase> <!-- testcase2 -->
</testsuite> <!-- Test -->
